mode: atomic
github.com/soulseen/ks-scheduler/pkg/prioritize/prioritize.go:15.101,17.2 1 0
github.com/soulseen/ks-scheduler/pkg/prioritize/prioritize_func.go:17.84,21.17 4 0
github.com/soulseen/ks-scheduler/pkg/prioritize/prioritize_func.go:25.2,25.29 1 0
github.com/soulseen/ks-scheduler/pkg/prioritize/prioritize_func.go:36.2,36.27 1 0
github.com/soulseen/ks-scheduler/pkg/prioritize/prioritize_func.go:21.17,23.3 1 0
github.com/soulseen/ks-scheduler/pkg/prioritize/prioritize_func.go:25.29,27.17 2 0
github.com/soulseen/ks-scheduler/pkg/prioritize/prioritize_func.go:31.3,34.4 1 0
github.com/soulseen/ks-scheduler/pkg/prioritize/prioritize_func.go:27.17,28.14 1 0
github.com/soulseen/ks-scheduler/pkg/prioritize/prioritize_func.go:39.51,41.21 2 3
github.com/soulseen/ks-scheduler/pkg/prioritize/prioritize_func.go:45.2,47.13 2 3
github.com/soulseen/ks-scheduler/pkg/prioritize/prioritize_func.go:41.21,44.3 2 0
github.com/soulseen/ks-scheduler/pkg/prioritize/prioritize_func.go:51.63,57.34 5 6
github.com/soulseen/ks-scheduler/pkg/prioritize/prioritize_func.go:68.2,68.19 1 6
github.com/soulseen/ks-scheduler/pkg/prioritize/prioritize_func.go:57.34,59.17 2 11
github.com/soulseen/ks-scheduler/pkg/prioritize/prioritize_func.go:62.3,62.20 1 11
github.com/soulseen/ks-scheduler/pkg/prioritize/prioritize_func.go:59.17,61.4 1 0
github.com/soulseen/ks-scheduler/pkg/prioritize/prioritize_func.go:62.20,65.9 3 4
github.com/soulseen/ks-scheduler/pkg/prioritize/prioritize_func.go:71.64,74.29 3 0
github.com/soulseen/ks-scheduler/pkg/prioritize/prioritize_func.go:80.2,80.22 1 0
github.com/soulseen/ks-scheduler/pkg/prioritize/prioritize_func.go:74.29,79.3 1 0
