mode: atomic
github.com/soulseen/ks-scheduler/pkg/sqlite/sqlite_pipeline.go:24.13,32.2 5 1
github.com/soulseen/ks-scheduler/pkg/sqlite/sqlite_pipeline.go:34.42,37.2 2 1
github.com/soulseen/ks-scheduler/pkg/sqlite/sqlite_pipeline.go:39.92,42.16 3 0
github.com/soulseen/ks-scheduler/pkg/sqlite/sqlite_pipeline.go:45.2,50.16 5 0
github.com/soulseen/ks-scheduler/pkg/sqlite/sqlite_pipeline.go:42.16,44.3 1 0
github.com/soulseen/ks-scheduler/pkg/sqlite/sqlite_pipeline.go:53.95,55.16 2 0
github.com/soulseen/ks-scheduler/pkg/sqlite/sqlite_pipeline.go:58.2,62.18 3 0
github.com/soulseen/ks-scheduler/pkg/sqlite/sqlite_pipeline.go:75.2,75.17 1 0
github.com/soulseen/ks-scheduler/pkg/sqlite/sqlite_pipeline.go:55.16,57.3 1 0
github.com/soulseen/ks-scheduler/pkg/sqlite/sqlite_pipeline.go:62.18,74.3 5 0
github.com/soulseen/ks-scheduler/pkg/sqlite/sqlite_pipeline.go:79.73,86.16 5 0
github.com/soulseen/ks-scheduler/pkg/sqlite/sqlite_pipeline.go:90.2,90.19 1 0
github.com/soulseen/ks-scheduler/pkg/sqlite/sqlite_pipeline.go:86.16,89.3 2 0
github.com/soulseen/ks-scheduler/pkg/sqlite/sqlite_pipeline.go:93.26,94.16 1 2
github.com/soulseen/ks-scheduler/pkg/sqlite/sqlite_pipeline.go:94.16,96.13 2 0
