mode: atomic
github.com/soulseen/ks-scheduler/pkg/controller/controller.go:36.67,48.59 5 0
github.com/soulseen/ks-scheduler/pkg/controller/controller.go:53.2,53.35 1 0
github.com/soulseen/ks-scheduler/pkg/controller/controller.go:57.2,58.37 2 0
github.com/soulseen/ks-scheduler/pkg/controller/controller.go:48.59,51.3 2 0
github.com/soulseen/ks-scheduler/pkg/controller/controller.go:53.35,55.3 1 0
github.com/soulseen/ks-scheduler/pkg/controller/controller.go:61.34,62.26 1 0
github.com/soulseen/ks-scheduler/pkg/controller/controller.go:62.27,63.3 0 0
github.com/soulseen/ks-scheduler/pkg/controller/controller.go:66.45,70.10 2 0
github.com/soulseen/ks-scheduler/pkg/controller/controller.go:75.2,81.13 4 0
github.com/soulseen/ks-scheduler/pkg/controller/controller.go:70.10,72.3 1 0
github.com/soulseen/ks-scheduler/pkg/controller/controller.go:84.52,88.16 4 0
github.com/soulseen/ks-scheduler/pkg/controller/controller.go:93.2,93.12 1 0
github.com/soulseen/ks-scheduler/pkg/controller/controller.go:109.2,109.12 1 0
github.com/soulseen/ks-scheduler/pkg/controller/controller.go:88.16,91.3 2 0
github.com/soulseen/ks-scheduler/pkg/controller/controller.go:93.12,97.28 4 0
github.com/soulseen/ks-scheduler/pkg/controller/controller.go:104.3,104.46 1 0
github.com/soulseen/ks-scheduler/pkg/controller/controller.go:97.28,99.18 2 0
github.com/soulseen/ks-scheduler/pkg/controller/controller.go:99.18,101.5 1 0
github.com/soulseen/ks-scheduler/pkg/controller/controller.go:106.8,108.3 1 0
github.com/soulseen/ks-scheduler/pkg/controller/controller.go:112.47,114.16 2 0
github.com/soulseen/ks-scheduler/pkg/controller/controller.go:118.2,118.19 1 0
github.com/soulseen/ks-scheduler/pkg/controller/controller.go:114.16,117.3 2 0
github.com/soulseen/ks-scheduler/pkg/controller/controller.go:118.19,122.3 3 0
github.com/soulseen/ks-scheduler/pkg/controller/controller.go:122.8,126.3 3 0
github.com/soulseen/ks-scheduler/pkg/controller/controller.go:129.22,134.16 3 0
github.com/soulseen/ks-scheduler/pkg/controller/controller.go:140.2,141.16 2 0
github.com/soulseen/ks-scheduler/pkg/controller/controller.go:145.2,156.42 6 0
github.com/soulseen/ks-scheduler/pkg/controller/controller.go:185.2,195.9 3 0
github.com/soulseen/ks-scheduler/pkg/controller/controller.go:134.16,137.3 2 0
github.com/soulseen/ks-scheduler/pkg/controller/controller.go:141.16,143.3 1 0
github.com/soulseen/ks-scheduler/pkg/controller/controller.go:156.42,157.27 1 0
github.com/soulseen/ks-scheduler/pkg/controller/controller.go:158.20,159.26 1 0
github.com/soulseen/ks-scheduler/pkg/controller/controller.go:160.12,162.17 2 0
github.com/soulseen/ks-scheduler/pkg/controller/controller.go:166.35,167.28 1 0
github.com/soulseen/ks-scheduler/pkg/controller/controller.go:168.21,170.21 2 0
github.com/soulseen/ks-scheduler/pkg/controller/controller.go:177.13,179.12 2 0
github.com/soulseen/ks-scheduler/pkg/controller/controller.go:170.21,173.21 3 0
github.com/soulseen/ks-scheduler/pkg/controller/controller.go:173.21,175.8 1 0
github.com/soulseen/ks-scheduler/pkg/controller/controller.go:200.39,201.33 1 0
github.com/soulseen/ks-scheduler/pkg/controller/controller.go:204.2,204.42 1 0
github.com/soulseen/ks-scheduler/pkg/controller/controller.go:207.2,207.47 1 0
github.com/soulseen/ks-scheduler/pkg/controller/controller.go:210.2,210.13 1 0
github.com/soulseen/ks-scheduler/pkg/controller/controller.go:201.33,203.3 1 0
github.com/soulseen/ks-scheduler/pkg/controller/controller.go:204.42,206.3 1 0
github.com/soulseen/ks-scheduler/pkg/controller/controller.go:207.47,209.3 1 0
github.com/soulseen/ks-scheduler/pkg/controller/controller.go:214.60,215.16 1 0
github.com/soulseen/ks-scheduler/pkg/controller/controller.go:221.2,221.43 1 0
github.com/soulseen/ks-scheduler/pkg/controller/controller.go:228.2,230.61 3 0
github.com/soulseen/ks-scheduler/pkg/controller/controller.go:215.16,218.3 2 0
github.com/soulseen/ks-scheduler/pkg/controller/controller.go:221.43,226.3 3 0
